Found: https://blog.janestreet.com/what-the-interns-have-wrought-2023/
Found: https://blog.janestreet.com/what-the-interns-have-wrought-2023/ => https://www.youtube.com/channel/UCDsVC_ewpcEW_AQcO-H-RDQ/videos
Found: https://blog.janestreet.com/what-the-interns-have-wrought-2023/ => https://opensource.janestreet.com/
Found: https://blog.janestreet.com/what-the-interns-have-wrought-2023/ => https://opensource.janestreet.com/
Found: https://blog.janestreet.com/what-the-interns-have-wrought-2023/ => https://www.janestreet.com/contact-us/
Found: https://blog.janestreet.com/what-the-interns-have-wrought-2023/ => https://www.janestreet.com/ad-cookie-policy/
Found: https://blog.janestreet.com/what-the-interns-have-wrought-2023/ => https://www.janestreet.com/disclosures-and-policies/
Found: https://blog.janestreet.com/what-the-interns-have-wrought-2023/ => https://www.janestreet.com/what-we-do/overview/
Found: https://blog.janestreet.com/what-the-interns-have-wrought-2023/ => https://www.janestreet.com/privacy-policy/
Found: https://blog.janestreet.com/what-the-interns-have-wrought-2023/ => https://www.janestreet.com/technology/
Found: https://blog.janestreet.com/what-the-interns-have-wrought-2023/ => https://www.janestreet.com/join-jane-street/programs-and-events/internships-all-cycles/
Found: https://blog.janestreet.com/what-the-interns-have-wrought-2023/ => https://www.janestreet.com/the-latest/
Found: https://blog.janestreet.com/what-the-interns-have-wrought-2023/ => https://www.janestreet.com/who-we-are/
Found: https://blog.janestreet.com/what-the-interns-have-wrought-2023/ => https://www.janestreet.com/technology/
Found: https://blog.janestreet.com/what-the-interns-have-wrought-2023/ => https://blog.janestreet.com/applying-to-jane-street/
Found: https://blog.janestreet.com/what-the-interns-have-wrought-2023/ => https://www.janestreet.com/what-we-do/client-offering/
Found: https://blog.janestreet.com/what-the-interns-have-wrought-2023/ => https://www.janestreet.com/culture/overview/
Found: https://blog.janestreet.com/what-the-interns-have-wrought-2023/ => https://blog.janestreet.com/tag/incremental
Found: https://blog.janestreet.com/what-the-interns-have-wrought-2023/ => https://blog.janestreet.com/tag/ppx
Found: https://blog.janestreet.com/what-the-interns-have-wrought-2023/ => https://blog.janestreet.com/tag/parallel-programming
Found: https://blog.janestreet.com/what-the-interns-have-wrought-2023/ => https://blog.janestreet.com/
Found: https://blog.janestreet.com/what-the-interns-have-wrought-2023/ => https://blog.janestreet.com/tag/book
Found: https://blog.janestreet.com/what-the-interns-have-wrought-2023/ => https://blog.janestreet.com/tag/c
Found: https://blog.janestreet.com/what-the-interns-have-wrought-2023/ => https://blog.janestreet.com/tag/ppx
Found: https://blog.janestreet.com/what-the-interns-have-wrought-2023/ => https://blog.janestreet.com/tag/speed
Found: https://blog.janestreet.com/what-the-interns-have-wrought-2023/ => https://blog.janestreet.com/tag/async
Found: https://blog.janestreet.com/what-the-interns-have-wrought-2023/ => https://blog.janestreet.com/tag/real-world-ocaml
Found: https://blog.janestreet.com/what-the-interns-have-wrought-2023/ => https://blog.janestreet.com/tag/ui
Found: https://blog.janestreet.com/what-the-interns-have-wrought-2023/ => https://blog.janestreet.com/tag/real-world-ocaml
Found: https://blog.janestreet.com/what-the-interns-have-wrought-2023/ => https://blog.janestreet.com/tag/compiler
Found: https://blog.janestreet.com/what-the-interns-have-wrought-2023/ => https://blog.janestreet.com/tag/camlp4
Found: https://blog.janestreet.com/what-the-interns-have-wrought-2023/ => https://blog.janestreet.com/tag/code-review
Found: https://blog.janestreet.com/what-the-interns-have-wrought-2023/ => https://blog.janestreet.com/#
Found: https://blog.janestreet.com/what-the-interns-have-wrought-2023/ => https://blog.janestreet.com/tag/core
Found: https://blog.janestreet.com/what-the-interns-have-wrought-2023/ => https://blog.janestreet.com/tag/interviewing
Found: https://blog.janestreet.com/what-the-interns-have-wrought-2023/ => https://blog.janestreet.com/applying-to-jane-street
Found: https://blog.janestreet.com/what-the-interns-have-wrought-2023/ => https://blog.janestreet.com/
Found: https://blog.janestreet.com/what-the-interns-have-wrought-2023/ => https://blog.janestreet.com/applying-to-jane-street
Found: https://blog.janestreet.com/what-the-interns-have-wrought-2023/ => https://blog.janestreet.com/tag/ocaml
Found: https://blog.janestreet.com/what-the-interns-have-wrought-2023/ => https://blog.janestreet.com/tag/performance
Found: https://blog.janestreet.com/what-the-interns-have-wrought-2023/ => https://blog.janestreet.com/tag/code-review
Found: https://blog.janestreet.com/what-the-interns-have-wrought-2023/ => https://blog.janestreet.com/tag/registers
Found: https://blog.janestreet.com/what-the-interns-have-wrought-2023/ => https://blog.janestreet.com/tag/performance
Found: https://blog.janestreet.com/what-the-interns-have-wrought-2023/ => https://blog.janestreet.com/#
Found: https://blog.janestreet.com/what-the-interns-have-wrought-2023/ => https://blog.janestreet.com/tag/hackerschool
Found: https://blog.janestreet.com/what-the-interns-have-wrought-2023/ => https://blog.janestreet.com/#menu
Found: https://blog.janestreet.com/what-the-interns-have-wrought-2023/ => https://blog.janestreet.com/tag/parallel-programming
Found: https://blog.janestreet.com/what-the-interns-have-wrought-2023/ => https://blog.janestreet.com/
Found: https://blog.janestreet.com/what-the-interns-have-wrought-2023/ => https://blog.janestreet.com/tag/incremental
Found: https://blog.janestreet.com/what-the-interns-have-wrought-2023/ => https://blog.janestreet.com/tag/async
Found: https://blog.janestreet.com/what-the-interns-have-wrought-2023/ => https://blog.janestreet.com/tag/hackerschool
Found: https://blog.janestreet.com/what-the-interns-have-wrought-2023/ => https://blog.janestreet.com/tag/speed
Found: https://blog.janestreet.com/what-the-interns-have-wrought-2023/ => https://blog.janestreet.com/tag/c
Found: https://blog.janestreet.com/what-the-interns-have-wrought-2023/ => https://blog.janestreet.com/tag/comments
Found: https://blog.janestreet.com/what-the-interns-have-wrought-2023/ => https://blog.janestreet.com/tag/hg
Found: https://blog.janestreet.com/what-the-interns-have-wrought-2023/ => https://blog.janestreet.com/#search
Found: https://blog.janestreet.com/what-the-interns-have-wrought-2023/ => https://blog.janestreet.com/tag/compiler
Found: https://blog.janestreet.com/what-the-interns-have-wrought-2023/ => https://blog.janestreet.com/tag/book
Found: https://blog.janestreet.com/what-the-interns-have-wrought-2023/ => https://blog.janestreet.com/tag/camlp4
Found: https://blog.janestreet.com/what-the-interns-have-wrought-2023/ => https://blog.janestreet.com/tag/hg
Found: https://blog.janestreet.com/what-the-interns-have-wrought-2023/ => https://blog.janestreet.com/tag/ui
Found: https://blog.janestreet.com/what-the-interns-have-wrought-2023/ => https://blog.janestreet.com/tag/comments
Found: https://blog.janestreet.com/what-the-interns-have-wrought-2023/ => https://blog.janestreet.com/#
Found: https://blog.janestreet.com/what-the-interns-have-wrought-2023/ => https://blog.janestreet.com/tag/registers
Found: https://blog.janestreet.com/what-the-interns-have-wrought-2023/ => https://blog.janestreet.com/tag/interviewing
Found: https://blog.janestreet.com/what-the-interns-have-wrought-2023/ => https://blog.janestreet.com/code-review-that-isnt-boring/
Found: https://blog.janestreet.com/what-the-interns-have-wrought-2023/ => https://blog.janestreet.com/tag/core
Found: https://blog.janestreet.com/what-the-interns-have-wrought-2023/ => https://blog.janestreet.com/tag/ocaml
Found: https://blog.janestreet.com/what-the-interns-have-wrought-2023/ => https://www.janestreet.com/join-jane-street/overview/
Found: https://blog.janestreet.com/what-the-interns-have-wrought-2023/ => https://blog.janestreet.com/finding-memory-leaks-with-memtrace/
Found: https://blog.janestreet.com/what-the-interns-have-wrought-2023/ => http://www.janestreet.com/
Found: https://blog.janestreet.com/what-the-interns-have-wrought-2023/ => https://blog.janestreet.com/finding-memory-leaks-with-memtrace/
Found: https://blog.janestreet.com/what-the-interns-have-wrought-2023/ => https://blog.janestreet.com/using-ascii-waveforms-to-test-hardware-designs/
Found: https://blog.janestreet.com/what-the-interns-have-wrought-2023/ => https://blog.janestreet.com/using-ascii-waveforms-to-test-hardware-designs/
Found: https://blog.janestreet.com/what-the-interns-have-wrought-2023/ => https://www.janestreet.com/tech-talks/building-an-exchange/
Found: https://blog.janestreet.com/what-the-interns-have-wrought-2023/ => https://blog.janestreet.com/tag/internship
Found: https://blog.janestreet.com/what-the-interns-have-wrought-2023/ => https://blog.janestreet.com/tag/internship
Found: https://blog.janestreet.com/what-the-interns-have-wrought-2023/ => https://blog.janestreet.com/tag/internship
Found: https://blog.janestreet.com/what-the-interns-have-wrought-2023/ => https://blog.janestreet.com/authors
Found: https://blog.janestreet.com/what-the-interns-have-wrought-2023/ => https://blog.janestreet.com/feed.xml
Found: https://blog.janestreet.com/what-the-interns-have-wrought-2023/ => https://blog.janestreet.com/feed.xml
Found: https://blog.janestreet.com/what-the-interns-have-wrought-2023/ => https://blog.janestreet.com/author/yminsky
Found: https://blog.janestreet.com/what-the-interns-have-wrought-2023/ => https://blog.janestreet.com/oxidizing-ocaml-parallelism/
Found: https://blog.janestreet.com/what-the-interns-have-wrought-2023/ => https://blog.janestreet.com/author/yminsky
Found: https://blog.janestreet.com/what-the-interns-have-wrought-2023/ => https://blog.janestreet.com/archive
