https://blog.janestreet.com/what-the-interns-have-wrought-2023/
https://blog.janestreet.com/what-the-interns-have-wrought-2023/ => https://www.youtube.com/channel/UCDsVC_ewpcEW_AQcO-H-RDQ/videos
https://blog.janestreet.com/what-the-interns-have-wrought-2023/ => https://opensource.janestreet.com/
https://blog.janestreet.com/what-the-interns-have-wrought-2023/ => https://blog.janestreet.com/tag/compiler
https://blog.janestreet.com/what-the-interns-have-wrought-2023/ => https://www.janestreet.com/disclosures-and-policies/
https://blog.janestreet.com/what-the-interns-have-wrought-2023/ => https://blog.janestreet.com/tag/c
https://blog.janestreet.com/what-the-interns-have-wrought-2023/ => https://www.janestreet.com/join-jane-street/programs-and-events/internships-all-cycles/
https://blog.janestreet.com/what-the-interns-have-wrought-2023/ => https://blog.janestreet.com/tag/ppx
https://blog.janestreet.com/what-the-interns-have-wrought-2023/ => https://blog.janestreet.com/what-the-interns-have-wrought-2023/#
https://blog.janestreet.com/what-the-interns-have-wrought-2023/ => https://www.janestreet.com/join-jane-street/overview/
https://blog.janestreet.com/what-the-interns-have-wrought-2023/ => https://www.janestreet.com/technology/
https://blog.janestreet.com/what-the-interns-have-wrought-2023/ => https://blog.janestreet.com/tag/async
https://blog.janestreet.com/what-the-interns-have-wrought-2023/ => https://www.janestreet.com/ad-cookie-policy/
https://blog.janestreet.com/what-the-interns-have-wrought-2023/ => https://www.janestreet.com/culture/overview/
https://blog.janestreet.com/what-the-interns-have-wrought-2023/ => https://blog.janestreet.com/applying-to-jane-street/
https://blog.janestreet.com/what-the-interns-have-wrought-2023/ => https://www.janestreet.com/contact-us/
https://blog.janestreet.com/what-the-interns-have-wrought-2023/ => https://blog.janestreet.com/tag/performance
https://blog.janestreet.com/what-the-interns-have-wrought-2023/ => https://www.janestreet.com/what-we-do/client-offering/
https://blog.janestreet.com/what-the-interns-have-wrought-2023/ => https://blog.janestreet.com/what-the-interns-have-wrought-2023/#menu
https://blog.janestreet.com/what-the-interns-have-wrought-2023/ => https://blog.janestreet.com/
https://blog.janestreet.com/what-the-interns-have-wrought-2023/ => https://blog.janestreet.com/code-review-that-isnt-boring/
https://blog.janestreet.com/what-the-interns-have-wrought-2023/ => https://www.janestreet.com/tech-talks/building-an-exchange/
https://blog.janestreet.com/what-the-interns-have-wrought-2023/ => https://blog.janestreet.com/what-the-interns-have-wrought-2023/#search
https://blog.janestreet.com/what-the-interns-have-wrought-2023/ => https://blog.janestreet.com/tag/incremental
https://blog.janestreet.com/what-the-interns-have-wrought-2023/ => https://blog.janestreet.com/tag/internship
https://blog.janestreet.com/what-the-interns-have-wrought-2023/ => https://blog.janestreet.com/using-ascii-waveforms-to-test-hardware-designs/
https://blog.janestreet.com/what-the-interns-have-wrought-2023/ => https://blog.janestreet.com/tag/ocaml
https://blog.janestreet.com/what-the-interns-have-wrought-2023/ => https://blog.janestreet.com/tag/ui
https://blog.janestreet.com/what-the-interns-have-wrought-2023/ => https://blog.janestreet.com/tag/speed
https://blog.janestreet.com/what-the-interns-have-wrought-2023/ => https://blog.janestreet.com/tag/hg
https://blog.janestreet.com/what-the-interns-have-wrought-2023/ => https://blog.janestreet.com/tag/registers
https://blog.janestreet.com/what-the-interns-have-wrought-2023/ => https://blog.janestreet.com/tag/interviewing
https://blog.janestreet.com/what-the-interns-have-wrought-2023/ => https://blog.janestreet.com/tag/core
https://blog.janestreet.com/what-the-interns-have-wrought-2023/ => https://blog.janestreet.com/tag/hackerschool
https://blog.janestreet.com/what-the-interns-have-wrought-2023/ => https://blog.janestreet.com/tag/code-review
https://blog.janestreet.com/what-the-interns-have-wrought-2023/ => https://blog.janestreet.com/oxidizing-ocaml-parallelism/
https://blog.janestreet.com/what-the-interns-have-wrought-2023/ => https://blog.janestreet.com/applying-to-jane-street
https://blog.janestreet.com/what-the-interns-have-wrought-2023/ => https://www.janestreet.com/what-we-do/overview/
https://blog.janestreet.com/what-the-interns-have-wrought-2023/ => https://blog.janestreet.com/tag/comments
https://blog.janestreet.com/what-the-interns-have-wrought-2023/ => https://blog.janestreet.com/tag/book
https://blog.janestreet.com/what-the-interns-have-wrought-2023/ => https://www.janestreet.com/privacy-policy/
https://blog.janestreet.com/what-the-interns-have-wrought-2023/ => http://www.janestreet.com/
https://blog.janestreet.com/what-the-interns-have-wrought-2023/ => https://blog.janestreet.com/authors
https://blog.janestreet.com/what-the-interns-have-wrought-2023/ => https://blog.janestreet.com/feed.xml
https://blog.janestreet.com/what-the-interns-have-wrought-2023/ => https://opensource.janestreet.com/ => https://github.com/janestreet
https://blog.janestreet.com/what-the-interns-have-wrought-2023/ => https://www.janestreet.com/who-we-are/
https://blog.janestreet.com/what-the-interns-have-wrought-2023/ => https://blog.janestreet.com/tag/camlp4
https://blog.janestreet.com/what-the-interns-have-wrought-2023/ => https://www.janestreet.com/the-latest/
https://blog.janestreet.com/what-the-interns-have-wrought-2023/ => https://blog.janestreet.com/tag/real-world-ocaml
https://blog.janestreet.com/what-the-interns-have-wrought-2023/ => https://blog.janestreet.com/finding-memory-leaks-with-memtrace/
https://blog.janestreet.com/what-the-interns-have-wrought-2023/ => https://blog.janestreet.com/author/yminsky
https://blog.janestreet.com/what-the-interns-have-wrought-2023/ => https://www.janestreet.com/disclosures-and-policies/ => https://www.janestreet.com/puzzles/
https://blog.janestreet.com/what-the-interns-have-wrought-2023/ => https://opensource.janestreet.com/ => https://blog.janestreet.com/
https://blog.janestreet.com/what-the-interns-have-wrought-2023/ => https://blog.janestreet.com/tag/c => https://opensource.janestreet.com/
https://blog.janestreet.com/what-the-interns-have-wrought-2023/ => https://blog.janestreet.com/tag/parallel-programming
https://blog.janestreet.com/what-the-interns-have-wrought-2023/ => https://blog.janestreet.com/tag/compiler => https://opensource.janestreet.com/
https://blog.janestreet.com/what-the-interns-have-wrought-2023/ => https://blog.janestreet.com/tag/compiler => https://www.janestreet.com/technology/
https://blog.janestreet.com/what-the-interns-have-wrought-2023/ => https://blog.janestreet.com/tag/compiler => https://www.janestreet.com/privacy-policy/
https://blog.janestreet.com/what-the-interns-have-wrought-2023/ => https://blog.janestreet.com/tag/compiler => https://www.janestreet.com/join-jane-street/overview/
https://blog.janestreet.com/what-the-interns-have-wrought-2023/ => https://www.janestreet.com/disclosures-and-policies/ => https://www.janestreet.com/join-jane-street/overview/
https://blog.janestreet.com/what-the-interns-have-wrought-2023/ => https://opensource.janestreet.com/ => https://opensource.janestreet.com/contribute
https://blog.janestreet.com/what-the-interns-have-wrought-2023/ => https://www.janestreet.com/what-we-do/client-offering/ => https://www.janestreet.com/puzzles/
https://blog.janestreet.com/what-the-interns-have-wrought-2023/ => https://www.janestreet.com/technology/ => https://www.janestreet.com/puzzles/
https://blog.janestreet.com/what-the-interns-have-wrought-2023/ => https://opensource.janestreet.com/ => https://www.janestreet.com/technology/
https://blog.janestreet.com/what-the-interns-have-wrought-2023/ => https://www.janestreet.com/disclosures-and-policies/ => https://www.janestreet.com/the-latest/
https://blog.janestreet.com/what-the-interns-have-wrought-2023/ => https://www.janestreet.com/disclosures-and-policies/ => https://www.janestreet.com/culture/overview/
https://blog.janestreet.com/what-the-interns-have-wrought-2023/ => https://blog.janestreet.com/tag/compiler => https://www.janestreet.com/what-we-do/overview/
https://blog.janestreet.com/what-the-interns-have-wrought-2023/ => https://blog.janestreet.com/tag/compiler => https://www.janestreet.com/culture/overview/
https://blog.janestreet.com/what-the-interns-have-wrought-2023/ => https://www.janestreet.com/join-jane-street/overview/ => https://www.janestreet.com/culture/overview/
https://blog.janestreet.com/what-the-interns-have-wrought-2023/ => https://www.janestreet.com/disclosures-and-policies/ => https://www.janestreet.com/what-we-do/client-offering/
https://blog.janestreet.com/what-the-interns-have-wrought-2023/ => https://www.janestreet.com/culture/overview/ => https://www.janestreet.com/who-we-are/
https://blog.janestreet.com/what-the-interns-have-wrought-2023/ => https://blog.janestreet.com/tag/async => https://blog.janestreet.com/
https://blog.janestreet.com/what-the-interns-have-wrought-2023/ => https://blog.janestreet.com/tag/compiler => https://www.janestreet.com/disclosures-and-policies/
https://blog.janestreet.com/what-the-interns-have-wrought-2023/ => https://blog.janestreet.com/tag/ppx => https://blog.janestreet.com/
https://blog.janestreet.com/what-the-interns-have-wrought-2023/ => https://blog.janestreet.com/what-the-interns-have-wrought-2023/# => https://www.janestreet.com/who-we-are/
https://blog.janestreet.com/what-the-interns-have-wrought-2023/ => https://blog.janestreet.com/applying-to-jane-street/ => https://www.janestreet.com/disclosures-and-policies/
https://blog.janestreet.com/what-the-interns-have-wrought-2023/ => https://www.janestreet.com/technology/ => https://www.janestreet.com/what-we-do/global-capital-markets/
https://blog.janestreet.com/what-the-interns-have-wrought-2023/ => https://blog.janestreet.com/tag/compiler => https://blog.janestreet.com/tag/ppx
https://blog.janestreet.com/what-the-interns-have-wrought-2023/ => https://www.janestreet.com/contact-us/ => https://www.janestreet.com/
https://blog.janestreet.com/what-the-interns-have-wrought-2023/ => https://blog.janestreet.com/tag/c => https://www.janestreet.com/technology/
https://blog.janestreet.com/what-the-interns-have-wrought-2023/ => https://www.janestreet.com/culture/overview/ => https://www.janestreet.com/what-we-do/global-capital-markets/
https://blog.janestreet.com/what-the-interns-have-wrought-2023/ => https://www.janestreet.com/disclosures-and-policies/ => https://www.janestreet.com/what-we-do/overview/
https://blog.janestreet.com/what-the-interns-have-wrought-2023/ => https://www.janestreet.com/technology/ => https://www.janestreet.com/culture/overview/
https://blog.janestreet.com/what-the-interns-have-wrought-2023/ => https://www.janestreet.com/technology/ => https://www.janestreet.com/culture/our-offices/
https://blog.janestreet.com/what-the-interns-have-wrought-2023/ => https://blog.janestreet.com/applying-to-jane-street/ => https://www.janestreet.com/what-we-do/client-offering/
https://blog.janestreet.com/what-the-interns-have-wrought-2023/ => https://blog.janestreet.com/tag/ppx => https://www.janestreet.com/ad-cookie-policy/
https://blog.janestreet.com/what-the-interns-have-wrought-2023/ => https://blog.janestreet.com/archive
https://blog.janestreet.com/what-the-interns-have-wrought-2023/ => https://blog.janestreet.com/tag/compiler => https://blog.janestreet.com/
https://blog.janestreet.com/what-the-interns-have-wrought-2023/ => https://www.janestreet.com/culture/overview/ => https://www.janestreet.com/join-jane-street/open-roles/
https://blog.janestreet.com/what-the-interns-have-wrought-2023/ => https://www.janestreet.com/what-we-do/client-offering/ => https://www.janestreet.com/contact-us/
https://blog.janestreet.com/what-the-interns-have-wrought-2023/ => https://www.janestreet.com/what-we-do/client-offering/ => https://www.janestreet.com/join-jane-street/open-roles/
https://blog.janestreet.com/what-the-interns-have-wrought-2023/ => https://blog.janestreet.com/tag/compiler => https://www.janestreet.com/the-latest/
https://blog.janestreet.com/what-the-interns-have-wrought-2023/ => https://www.janestreet.com/ad-cookie-policy/ => https://www.janestreet.com/who-we-are/
https://blog.janestreet.com/what-the-interns-have-wrought-2023/ => https://blog.janestreet.com/what-the-interns-have-wrought-2023/# => https://blog.janestreet.com/tag/camlp4
https://blog.janestreet.com/what-the-interns-have-wrought-2023/ => https://blog.janestreet.com/tag/compiler => https://blog.janestreet.com/applying-to-jane-street
https://blog.janestreet.com/what-the-interns-have-wrought-2023/ => https://blog.janestreet.com/tag/compiler => https://blog.janestreet.com/tag/async
https://blog.janestreet.com/what-the-interns-have-wrought-2023/ => https://www.janestreet.com/technology/ => https://www.janestreet.com/the-latest/
https://blog.janestreet.com/what-the-interns-have-wrought-2023/ => https://www.janestreet.com/join-jane-street/programs-and-events/internships-all-cycles/ => https://www.janestreet.com/who-we-are/
https://blog.janestreet.com/what-the-interns-have-wrought-2023/ => https://www.janestreet.com/disclosures-and-policies/ => https://www.janestreet.com/culture/our-offices/
https://blog.janestreet.com/what-the-interns-have-wrought-2023/ => https://www.janestreet.com/disclosures-and-policies/ => https://www.janestreet.com/what-we-do/global-capital-markets/
https://blog.janestreet.com/what-the-interns-have-wrought-2023/ => https://www.janestreet.com/culture/overview/ => https://www.janestreet.com/the-latest/
https://blog.janestreet.com/what-the-interns-have-wrought-2023/ => https://www.janestreet.com/disclosures-and-policies/ => https://www.janestreet.com/ad-cookie-policy/
https://blog.janestreet.com/what-the-interns-have-wrought-2023/ => https://www.janestreet.com/technology/ => https://www.janestreet.com/what-we-do/client-offering/
https://blog.janestreet.com/what-the-interns-have-wrought-2023/ => https://blog.janestreet.com/applying-to-jane-street/ => https://blog.janestreet.com/
https://blog.janestreet.com/what-the-interns-have-wrought-2023/ => https://www.janestreet.com/tech-talks/building-an-exchange/ => https://www.janestreet.com/what-we-do/client-offering/
https://blog.janestreet.com/what-the-interns-have-wrought-2023/ => https://blog.janestreet.com/tag/compiler => https://blog.janestreet.com/tag/interviewing
https://blog.janestreet.com/what-the-interns-have-wrought-2023/ => https://blog.janestreet.com/tag/c => https://blog.janestreet.com/tag/speed
https://blog.janestreet.com/what-the-interns-have-wrought-2023/ => https://www.janestreet.com/disclosures-and-policies/ => https://www.janestreet.com/
https://blog.janestreet.com/what-the-interns-have-wrought-2023/ => https://blog.janestreet.com/tag/compiler => https://blog.janestreet.com/tag/camlp4
https://blog.janestreet.com/what-the-interns-have-wrought-2023/ => https://www.janestreet.com/what-we-do/client-offering/ => https://www.janestreet.com/join-jane-street/overview/
https://blog.janestreet.com/what-the-interns-have-wrought-2023/ => https://blog.janestreet.com/tag/ppx => https://blog.janestreet.com/tag/ui
https://blog.janestreet.com/what-the-interns-have-wrought-2023/ => https://blog.janestreet.com/tag/c => https://blog.janestreet.com/tag/interviewing
https://blog.janestreet.com/what-the-interns-have-wrought-2023/ => https://blog.janestreet.com/ => https://blog.janestreet.com/goodbye-Core_kernel/
https://blog.janestreet.com/what-the-interns-have-wrought-2023/ => https://blog.janestreet.com/tag/compiler => https://blog.janestreet.com/tag/core
https://blog.janestreet.com/what-the-interns-have-wrought-2023/ => https://www.janestreet.com/contact-us/ => https://www.janestreet.com/the-latest/
https://blog.janestreet.com/what-the-interns-have-wrought-2023/ => https://www.janestreet.com/technology/ => https://www.janestreet.com/who-we-are/
https://blog.janestreet.com/what-the-interns-have-wrought-2023/ => https://blog.janestreet.com/applying-to-jane-street/ => https://blog.janestreet.com/applying-to-jane-street/#menu
https://blog.janestreet.com/what-the-interns-have-wrought-2023/ => https://www.janestreet.com/disclosures-and-policies/ => https://www.janestreet.com/culture/benefits/
https://blog.janestreet.com/what-the-interns-have-wrought-2023/ => https://blog.janestreet.com/tag/compiler => https://blog.janestreet.com/tag/registers
https://blog.janestreet.com/what-the-interns-have-wrought-2023/ => https://blog.janestreet.com/tag/c => https://blog.janestreet.com/authors
https://blog.janestreet.com/what-the-interns-have-wrought-2023/ => https://blog.janestreet.com/tag/compiler => https://blog.janestreet.com/tag/hg
https://blog.janestreet.com/what-the-interns-have-wrought-2023/ => https://blog.janestreet.com/tag/compiler => https://blog.janestreet.com/finding-memory-leaks-with-memtrace/
https://blog.janestreet.com/what-the-interns-have-wrought-2023/ => https://blog.janestreet.com/tag/compiler => https://blog.janestreet.com/tag/compiler#
https://blog.janestreet.com/what-the-interns-have-wrought-2023/ => https://blog.janestreet.com/tag/compiler => https://blog.janestreet.com/tag/compiler#menu
https://blog.janestreet.com/what-the-interns-have-wrought-2023/ => https://blog.janestreet.com/tag/compiler => https://blog.janestreet.com/tag/performance
https://blog.janestreet.com/what-the-interns-have-wrought-2023/ => https://blog.janestreet.com/tag/compiler => https://blog.janestreet.com/tag/incremental
https://blog.janestreet.com/what-the-interns-have-wrought-2023/ => https://blog.janestreet.com/tag/c => https://blog.janestreet.com/tag/c#menu
https://blog.janestreet.com/what-the-interns-have-wrought-2023/ => https://blog.janestreet.com/oxidizing-ocaml-parallelism/ => https://blog.janestreet.com/
https://blog.janestreet.com/what-the-interns-have-wrought-2023/ => https://www.janestreet.com/privacy-policy/ => https://www.janestreet.com/culture/our-offices/
https://blog.janestreet.com/what-the-interns-have-wrought-2023/ => https://blog.janestreet.com/tag/ppx => https://blog.janestreet.com/authors
https://blog.janestreet.com/what-the-interns-have-wrought-2023/ => https://blog.janestreet.com/tag/c => https://blog.janestreet.com/tag/ppx
https://blog.janestreet.com/what-the-interns-have-wrought-2023/ => https://blog.janestreet.com/tag/incremental => https://blog.janestreet.com/tag/incremental#
https://blog.janestreet.com/what-the-interns-have-wrought-2023/ => https://blog.janestreet.com/tag/ppx => https://blog.janestreet.com/applying-to-jane-street
https://blog.janestreet.com/what-the-interns-have-wrought-2023/ => https://blog.janestreet.com/tag/async => https://blog.janestreet.com/using-ascii-waveforms-to-test-hardware-designs/
https://blog.janestreet.com/what-the-interns-have-wrought-2023/ => https://blog.janestreet.com/applying-to-jane-street/ => https://blog.janestreet.com/tag/hg
https://blog.janestreet.com/what-the-interns-have-wrought-2023/ => https://blog.janestreet.com/tag/compiler => https://blog.janestreet.com/tag/book
https://blog.janestreet.com/what-the-interns-have-wrought-2023/ => https://blog.janestreet.com/tag/compiler => https://blog.janestreet.com/tag/ui
https://blog.janestreet.com/what-the-interns-have-wrought-2023/ => https://blog.janestreet.com/tag/compiler => https://blog.janestreet.com/feed.xml
https://blog.janestreet.com/what-the-interns-have-wrought-2023/ => https://blog.janestreet.com/tag/compiler => https://blog.janestreet.com/tag/ocaml
https://blog.janestreet.com/what-the-interns-have-wrought-2023/ => https://blog.janestreet.com/tag/c => https://blog.janestreet.com/tag/core
https://blog.janestreet.com/what-the-interns-have-wrought-2023/ => https://blog.janestreet.com/ => https://blog.janestreet.com/tag/interviewing
https://blog.janestreet.com/what-the-interns-have-wrought-2023/ => https://blog.janestreet.com/tag/c => https://blog.janestreet.com/tag/async
https://blog.janestreet.com/what-the-interns-have-wrought-2023/ => https://blog.janestreet.com/tag/performance => https://blog.janestreet.com/tag/performance#menu
https://blog.janestreet.com/what-the-interns-have-wrought-2023/ => https://blog.janestreet.com/tag/c => https://blog.janestreet.com/tag/performance
https://blog.janestreet.com/what-the-interns-have-wrought-2023/ => https://blog.janestreet.com/tag/compiler => https://blog.janestreet.com/tag/real-world-ocaml
https://blog.janestreet.com/what-the-interns-have-wrought-2023/ => https://www.janestreet.com/the-latest/ => https://www.janestreet.com/puzzles/
https://blog.janestreet.com/what-the-interns-have-wrought-2023/ => https://blog.janestreet.com/oxidizing-ocaml-parallelism/ => https://blog.janestreet.com/finding-memory-leaks-with-memtrace/
https://blog.janestreet.com/what-the-interns-have-wrought-2023/ => https://blog.janestreet.com/tag/ui => https://blog.janestreet.com/tag/ui#
https://blog.janestreet.com/what-the-interns-have-wrought-2023/ => https://www.janestreet.com/who-we-are/ => https://www.janestreet.com/what-we-do/client-offering/
https://blog.janestreet.com/what-the-interns-have-wrought-2023/ => https://blog.janestreet.com/tag/hackerschool => https://blog.janestreet.com/tag/internship
https://blog.janestreet.com/what-the-interns-have-wrought-2023/ => https://blog.janestreet.com/tag/hackerschool => https://blog.janestreet.com/tag/parallel-programming
https://blog.janestreet.com/what-the-interns-have-wrought-2023/ => https://blog.janestreet.com/tag/ocaml => https://blog.janestreet.com/tag/speed
https://blog.janestreet.com/what-the-interns-have-wrought-2023/ => https://www.janestreet.com/who-we-are/ => https://www.janestreet.com/the-latest/
https://blog.janestreet.com/what-the-interns-have-wrought-2023/ => https://blog.janestreet.com/tag/hackerschool => https://blog.janestreet.com/tag/performance
https://blog.janestreet.com/what-the-interns-have-wrought-2023/ => https://www.janestreet.com/who-we-are/ => https://www.janestreet.com/culture/overview/
https://blog.janestreet.com/what-the-interns-have-wrought-2023/ => https://www.janestreet.com/who-we-are/ => https://www.janestreet.com/what-we-do/global-capital-markets/
https://blog.janestreet.com/what-the-interns-have-wrought-2023/ => https://www.janestreet.com/culture/overview/ => https://www.janestreet.com/culture/benefits/
https://blog.janestreet.com/what-the-interns-have-wrought-2023/ => https://blog.janestreet.com/tag/incremental => https://blog.janestreet.com/tag/incremental#menu
https://blog.janestreet.com/what-the-interns-have-wrought-2023/ => https://www.janestreet.com/privacy-policy/ => https://www.janestreet.com/join-jane-street/programs-and-events/
https://blog.janestreet.com/what-the-interns-have-wrought-2023/ => https://opensource.janestreet.com/ => https://ocaml.janestreet.com/ocaml-core/latest/doc/index.html
https://blog.janestreet.com/what-the-interns-have-wrought-2023/ => https://blog.janestreet.com/oxidizing-ocaml-parallelism/ => https://blog.janestreet.com/applying-to-jane-street
https://blog.janestreet.com/what-the-interns-have-wrought-2023/ => https://www.janestreet.com/disclosures-and-policies/ => https://www.janestreet.com/join-jane-street/departments/
https://blog.janestreet.com/what-the-interns-have-wrought-2023/ => https://blog.janestreet.com/what-the-interns-have-wrought-2023/#menu => https://blog.janestreet.com/authors
https://blog.janestreet.com/what-the-interns-have-wrought-2023/ => https://blog.janestreet.com/tag/camlp4 => https://blog.janestreet.com/tag/camlp4#menu
https://blog.janestreet.com/what-the-interns-have-wrought-2023/ => https://blog.janestreet.com/oxidizing-ocaml-parallelism/ => https://blog.janestreet.com/using-ascii-waveforms-to-test-hardware-designs/
https://blog.janestreet.com/what-the-interns-have-wrought-2023/ => https://www.janestreet.com/disclosures-and-policies/ => https://www.janestreet.com/join-jane-street/interviewing/
https://blog.janestreet.com/what-the-interns-have-wrought-2023/ => https://www.janestreet.com/the-latest/ => https://www.janestreet.com/what-we-do/client-offering/
https://blog.janestreet.com/what-the-interns-have-wrought-2023/ => https://blog.janestreet.com/tag/c => https://blog.janestreet.com/tag/ui
https://blog.janestreet.com/what-the-interns-have-wrought-2023/ => https://www.janestreet.com/who-we-are/ => https://www.janestreet.com/
https://blog.janestreet.com/what-the-interns-have-wrought-2023/ => https://blog.janestreet.com/applying-to-jane-street/ => https://blog.janestreet.com/tag/async
https://blog.janestreet.com/what-the-interns-have-wrought-2023/ => https://blog.janestreet.com/tag/c => https://blog.janestreet.com/tag/internship
https://blog.janestreet.com/what-the-interns-have-wrought-2023/ => https://www.janestreet.com/privacy-policy/ => https://www.janestreet.com/the-latest/
https://blog.janestreet.com/what-the-interns-have-wrought-2023/ => https://www.janestreet.com/what-we-do/overview/ => https://www.janestreet.com/who-we-are/
https://blog.janestreet.com/what-the-interns-have-wrought-2023/ => https://www.janestreet.com/the-latest/ => https://www.janestreet.com/culture/benefits/
https://blog.janestreet.com/what-the-interns-have-wrought-2023/ => https://blog.janestreet.com/applying-to-jane-street => https://blog.janestreet.com/applying-to-jane-street#
https://blog.janestreet.com/what-the-interns-have-wrought-2023/ => https://www.janestreet.com/tech-talks/building-an-exchange/ => https://www.janestreet.com/culture/overview/
https://blog.janestreet.com/what-the-interns-have-wrought-2023/ => https://blog.janestreet.com/oxidizing-ocaml-parallelism/ => http://www.janestreet.com/
https://blog.janestreet.com/what-the-interns-have-wrought-2023/ => https://blog.janestreet.com/applying-to-jane-street => http://www.janestreet.com/
https://blog.janestreet.com/what-the-interns-have-wrought-2023/ => https://www.janestreet.com/what-we-do/client-offering/ => https://www.janestreet.com/join-jane-street/departments/
https://blog.janestreet.com/what-the-interns-have-wrought-2023/ => https://www.janestreet.com/what-we-do/client-offering/ => https://www.janestreet.com/who-we-are/
https://blog.janestreet.com/what-the-interns-have-wrought-2023/ => https://www.janestreet.com/privacy-policy/ => https://www.janestreet.com/ad-cookie-policy/#do-not-track
https://blog.janestreet.com/what-the-interns-have-wrought-2023/ => https://blog.janestreet.com/oxidizing-ocaml-parallelism/ => https://blog.janestreet.com/tag/camlp4
https://blog.janestreet.com/what-the-interns-have-wrought-2023/ => https://opensource.janestreet.com/ => https://janestreet.com/
https://blog.janestreet.com/what-the-interns-have-wrought-2023/ => https://blog.janestreet.com/applying-to-jane-street => https://blog.janestreet.com/authors
https://blog.janestreet.com/what-the-interns-have-wrought-2023/ => https://blog.janestreet.com/tag/book => https://www.janestreet.com/join-jane-street/overview/
https://blog.janestreet.com/what-the-interns-have-wrought-2023/ => https://blog.janestreet.com/tag/ppx => https://blog.janestreet.com/archive
https://blog.janestreet.com/what-the-interns-have-wrought-2023/ => https://blog.janestreet.com/tag/code-review => https://www.janestreet.com/what-we-do/client-offering/
https://blog.janestreet.com/what-the-interns-have-wrought-2023/ => https://blog.janestreet.com/tag/parallel-programming => https://blog.janestreet.com/tag/parallel-programming#menu
https://blog.janestreet.com/what-the-interns-have-wrought-2023/ => https://blog.janestreet.com/tag/book => https://www.janestreet.com/contact-us/
https://blog.janestreet.com/what-the-interns-have-wrought-2023/ => https://www.janestreet.com/tech-talks/building-an-exchange/ => https://www.janestreet.com/culture/our-offices/
https://blog.janestreet.com/what-the-interns-have-wrought-2023/ => https://www.janestreet.com/what-we-do/client-offering/ => https://www.janestreet.com/culture/our-offices/
https://blog.janestreet.com/what-the-interns-have-wrought-2023/ => https://blog.janestreet.com/tag/compiler => https://blog.janestreet.com/archive
https://blog.janestreet.com/what-the-interns-have-wrought-2023/ => https://blog.janestreet.com/tag/compiler => https://blog.janestreet.com/tag/speed
https://blog.janestreet.com/what-the-interns-have-wrought-2023/ => https://blog.janestreet.com/archive => https://opensource.janestreet.com/
https://blog.janestreet.com/what-the-interns-have-wrought-2023/ => https://blog.janestreet.com/archive => https://blog.janestreet.com/looking-for-a-developer-experience-engineer-index/
https://blog.janestreet.com/what-the-interns-have-wrought-2023/ => https://blog.janestreet.com/archive => https://blog.janestreet.com/visualizing-information-propagation-in-markets-index/
https://blog.janestreet.com/what-the-interns-have-wrought-2023/ => https://blog.janestreet.com/tag/core => https://blog.janestreet.com/tag/core#menu
https://blog.janestreet.com/what-the-interns-have-wrought-2023/ => https://blog.janestreet.com/archive => https://blog.janestreet.com/building-reproducible-python-environments-with-xars/
https://blog.janestreet.com/what-the-interns-have-wrought-2023/ => https://blog.janestreet.com/tag/parallel-programming => https://blog.janestreet.com/applying-to-jane-street
https://blog.janestreet.com/what-the-interns-have-wrought-2023/ => https://blog.janestreet.com/oxidizing-ocaml-parallelism/ => https://blog.janestreet.com/archive
https://blog.janestreet.com/what-the-interns-have-wrought-2023/ => https://blog.janestreet.com/archive => https://blog.janestreet.com/notes-on-naming/
https://blog.janestreet.com/what-the-interns-have-wrought-2023/ => https://blog.janestreet.com/archive => https://blog.janestreet.com/testing-with-expectations/
https://blog.janestreet.com/what-the-interns-have-wrought-2023/ => https://blog.janestreet.com/archive => https://blog.janestreet.com/hackerschool-tutorial-at-jane-street/
https://blog.janestreet.com/what-the-interns-have-wrought-2023/ => https://blog.janestreet.com/archive => https://blog.janestreet.com/research-internships-tnc/
https://blog.janestreet.com/what-the-interns-have-wrought-2023/ => https://blog.janestreet.com/tag/code-review => https://www.janestreet.com/culture/overview/
https://blog.janestreet.com/what-the-interns-have-wrought-2023/ => https://blog.janestreet.com/archive => https://blog.janestreet.com/jane-street-tech-talk-how-jane-street-does-code-review/
https://blog.janestreet.com/what-the-interns-have-wrought-2023/ => https://blog.janestreet.com/tag/interviewing => https://www.janestreet.com/disclosures-and-policies/
https://blog.janestreet.com/what-the-interns-have-wrought-2023/ => https://blog.janestreet.com/tag/performance => https://blog.janestreet.com/archive
https://blog.janestreet.com/what-the-interns-have-wrought-2023/ => https://www.janestreet.com/culture/overview/ => https://www.janestreet.com/what-we-do/overview/
https://blog.janestreet.com/what-the-interns-have-wrought-2023/ => https://blog.janestreet.com/archive => https://blog.janestreet.com/tag/registers
https://blog.janestreet.com/what-the-interns-have-wrought-2023/ => https://blog.janestreet.com/archive => https://blog.janestreet.com/tag/interviewing
https://blog.janestreet.com/what-the-interns-have-wrought-2023/ => https://blog.janestreet.com/archive => https://blog.janestreet.com/tag/parallel-programming
https://blog.janestreet.com/what-the-interns-have-wrought-2023/ => https://blog.janestreet.com/archive => https://blog.janestreet.com/tag/comments
https://blog.janestreet.com/what-the-interns-have-wrought-2023/ => https://blog.janestreet.com/archive => https://blog.janestreet.com/tag/internship
https://blog.janestreet.com/what-the-interns-have-wrought-2023/ => https://www.janestreet.com/disclosures-and-policies/ => https://www.janestreet.com/contact-us/
https://blog.janestreet.com/what-the-interns-have-wrought-2023/ => https://blog.janestreet.com/archive => https://blog.janestreet.com/oxidizing-ocaml-locality/
https://blog.janestreet.com/what-the-interns-have-wrought-2023/ => https://blog.janestreet.com/tag/c => https://blog.janestreet.com/tag/book
https://blog.janestreet.com/what-the-interns-have-wrought-2023/ => https://blog.janestreet.com/tag/compiler => https://blog.janestreet.com/tag/parallel-programming
https://blog.janestreet.com/what-the-interns-have-wrought-2023/ => https://blog.janestreet.com/oxidizing-ocaml-parallelism/ => https://blog.janestreet.com/authors
https://blog.janestreet.com/what-the-interns-have-wrought-2023/ => https://blog.janestreet.com/archive => https://blog.janestreet.com/tag/camlp4
https://blog.janestreet.com/what-the-interns-have-wrought-2023/ => https://blog.janestreet.com/archive => https://blog.janestreet.com/zero-knowledge-fpgas-hardcaml/
https://blog.janestreet.com/what-the-interns-have-wrought-2023/ => https://blog.janestreet.com/archive => https://blog.janestreet.com/goodbye-Core_kernel/
https://blog.janestreet.com/what-the-interns-have-wrought-2023/ => https://blog.janestreet.com/archive => https://blog.janestreet.com/tag/core
https://blog.janestreet.com/what-the-interns-have-wrought-2023/ => https://blog.janestreet.com/archive => https://blog.janestreet.com/tag/incremental
https://blog.janestreet.com/what-the-interns-have-wrought-2023/ => https://blog.janestreet.com/archive => https://blog.janestreet.com/applying-to-jane-street
https://blog.janestreet.com/what-the-interns-have-wrought-2023/ => https://blog.janestreet.com/archive => https://blog.janestreet.com/tag/performance
https://blog.janestreet.com/what-the-interns-have-wrought-2023/ => https://blog.janestreet.com/archive => https://blog.janestreet.com/the-joy-of-expect-tests/
https://blog.janestreet.com/what-the-interns-have-wrought-2023/ => https://blog.janestreet.com/archive => https://blog.janestreet.com/tag/async
https://blog.janestreet.com/what-the-interns-have-wrought-2023/ => https://blog.janestreet.com/archive => https://blog.janestreet.com/what-the-interns-have-wrought-2018/
https://blog.janestreet.com/what-the-interns-have-wrought-2023/ => https://blog.janestreet.com/tag/c => https://blog.janestreet.com/tag/parallel-programming
https://blog.janestreet.com/what-the-interns-have-wrought-2023/ => https://blog.janestreet.com/archive => https://blog.janestreet.com/tag/c
https://blog.janestreet.com/what-the-interns-have-wrought-2023/ => https://blog.janestreet.com/tag/compiler => https://www.janestreet.com/what-we-do/client-offering/
https://blog.janestreet.com/what-the-interns-have-wrought-2023/ => https://blog.janestreet.com/archive => https://blog.janestreet.com/tag/real-world-ocaml
https://blog.janestreet.com/what-the-interns-have-wrought-2023/ => https://blog.janestreet.com/tag/c => https://blog.janestreet.com/tag/c#search
https://blog.janestreet.com/what-the-interns-have-wrought-2023/ => https://blog.janestreet.com/archive => http://www.janestreet.com/
https://blog.janestreet.com/what-the-interns-have-wrought-2023/ => https://blog.janestreet.com/tag/performance => https://blog.janestreet.com/authors
https://blog.janestreet.com/what-the-interns-have-wrought-2023/ => https://blog.janestreet.com/archive => https://blog.janestreet.com/finding-memory-leaks-with-memtrace/
https://blog.janestreet.com/what-the-interns-have-wrought-2023/ => https://blog.janestreet.com/applying-to-jane-street => https://blog.janestreet.com/archive
https://blog.janestreet.com/what-the-interns-have-wrought-2023/ => https://blog.janestreet.com/archive => https://blog.janestreet.com/computations-that-differentiate-debug-and-document-themselves/
https://blog.janestreet.com/what-the-interns-have-wrought-2023/ => https://blog.janestreet.com/archive => https://blog.janestreet.com/feed.xml
https://blog.janestreet.com/what-the-interns-have-wrought-2023/ => https://blog.janestreet.com/tag/c => https://blog.janestreet.com/faster-ocaml-to-c-calls/
https://blog.janestreet.com/what-the-interns-have-wrought-2023/ => https://blog.janestreet.com/archive => https://blog.janestreet.com/oxidizing-ocaml-parallelism/
https://blog.janestreet.com/what-the-interns-have-wrought-2023/ => https://www.janestreet.com/technology/ => https://www.janestreet.com/join-jane-street/overview/
https://blog.janestreet.com/what-the-interns-have-wrought-2023/ => https://www.janestreet.com/disclosures-and-policies/ => https://www.janestreet.com/join-jane-street/programs-and-events/
https://blog.janestreet.com/what-the-interns-have-wrought-2023/ => https://blog.janestreet.com/oxidizing-ocaml-parallelism/ => https://blog.janestreet.com/tag/c
https://blog.janestreet.com/what-the-interns-have-wrought-2023/ => https://blog.janestreet.com/what-the-interns-have-wrought-2023/#menu => https://blog.janestreet.com/
https://blog.janestreet.com/what-the-interns-have-wrought-2023/ => https://blog.janestreet.com/archive => https://blog.janestreet.com/tag/ocaml
https://blog.janestreet.com/what-the-interns-have-wrought-2023/ => https://blog.janestreet.com/archive => https://blog.janestreet.com/archive#
https://blog.janestreet.com/what-the-interns-have-wrought-2023/ => https://blog.janestreet.com/oxidizing-ocaml-parallelism/ => https://blog.janestreet.com/oxidizing-ocaml-parallelism/#
https://blog.janestreet.com/what-the-interns-have-wrought-2023/ => https://blog.janestreet.com/tag/c => https://blog.janestreet.com/feed.xml
https://blog.janestreet.com/what-the-interns-have-wrought-2023/ => https://blog.janestreet.com/oxidizing-ocaml-parallelism/ => https://blog.janestreet.com/oxidizing-ocaml-parallelism/#menu
https://blog.janestreet.com/what-the-interns-have-wrought-2023/ => https://blog.janestreet.com/archive => https://blog.janestreet.com/archive#search
https://blog.janestreet.com/what-the-interns-have-wrought-2023/ => https://blog.janestreet.com/tag/ocaml => https://blog.janestreet.com/archive
https://blog.janestreet.com/what-the-interns-have-wrought-2023/ => https://blog.janestreet.com/tag/core => https://blog.janestreet.com/archive
https://blog.janestreet.com/what-the-interns-have-wrought-2023/ => https://blog.janestreet.com/tag/ui => https://blog.janestreet.com/archive
https://blog.janestreet.com/what-the-interns-have-wrought-2023/ => https://signalsandthreads.com/a-poets-guide-to-product-management/ => https://www.janestreet.com/tech-talks/
https://blog.janestreet.com/what-the-interns-have-wrought-2023/ => https://signalsandthreads.com/ => https://github.com/janestreet?q=hardcaml&type=&language=
https://blog.janestreet.com/what-the-interns-have-wrought-2023/ => https://signalsandthreads.com/ => https://www.janestreet.com/ad-cookie-policy/
https://blog.janestreet.com/what-the-interns-have-wrought-2023/ => https://signalsandthreads.com/ => https://www.janestreet.com/privacy-policy/
https://blog.janestreet.com/what-the-interns-have-wrought-2023/ => https://signalsandthreads.com/ => https://www.janestreet.com/technology/
https://blog.janestreet.com/what-the-interns-have-wrought-2023/ => https://signalsandthreads.com/ => https://blog.janestreet.com/
https://blog.janestreet.com/what-the-interns-have-wrought-2023/ => https://signalsandthreads.com/ => https://blog.janestreet.com/using-ascii-waveforms-to-test-hardware-designs/
https://blog.janestreet.com/what-the-interns-have-wrought-2023/ => https://signalsandthreads.com/ => https://www.janestreet.com/join-jane-street/
https://blog.janestreet.com/what-the-interns-have-wrought-2023/ => https://signalsandthreads.com/ => https://signalsandthreads.com/an-inside-look-at-jane-streets-tech-internship/
https://blog.janestreet.com/what-the-interns-have-wrought-2023/ => https://signalsandthreads.com/ => https://www.janestreet.com/tech-talks/
